[21:13:19.235][INFO][CraftTweaker-EarlyInit]: CraftTweaker is running on a Minecraft 1.20.1 production server modded with platform Forge
[21:13:19.265][INFO][CraftTweaker-EarlyInit]: Successfully injected RecipeFS file system
[21:13:19.343][INFO][CraftTweaker-Plugins]: Successfully identified and loaded plugin farmersdelight:crafttweaker_plugin
[21:13:19.390][INFO][CraftTweaker-Plugins]: Successfully identified and loaded plugin crafttweaker:builtin
[21:13:19.394][INFO][CraftTweaker-Plugins]: Successfully identified and loaded plugin crafttweaker:builtin_forge
[21:13:20.800][INFO][CraftTweaker]: The following mods have explicit CraftTweaker support through the default plugin:
[21:13:20.801][INFO][CraftTweaker]: - 'crafttweaker' at version '14.0.43'
[21:13:20.803][INFO][CraftTweaker]: - 'exnihilosequentia' at version '5.0.0'
[21:13:20.803][INFO][CraftTweaker]: - 'extendedcrafting' at version '6.0.7'
[21:13:20.803][INFO][CraftTweaker]: - 'farmersdelight' at version '1.20.1-1.2.4'
[21:13:20.803][INFO][CraftTweaker]: - 'gamestages' at version '15.0.1'
[21:13:20.803][INFO][CraftTweaker]: - 'mysticalagriculture' at version '7.0.13'
[21:13:20.803][INFO][CraftTweaker]: - 'redimstages' at version '1.0.0'
[21:13:53.095][INFO][CraftTweaker-ZenCode]: Started loading scripts for loader 'initialize'
[21:13:53.963][INFO][CraftTweaker-ZenCode]: Compiling and executing scripts
[21:13:54.008][INFO][CraftTweaker-ZenCode]: Successfully initialized modules [crafttweaker, expansions]
[21:13:54.290][INFO][CraftTweaker-ZenCode]: Execution for loader 'initialize' completed successfully
[21:14:32.747][INFO][CraftTweaker-ZenCode]: Started loading scripts for loader 'tags'
[21:14:32.980][INFO][CraftTweaker-ZenCode]: Compiling and executing scripts
[21:14:33.048][INFO][CraftTweaker-ZenCode]: Successfully initialized modules [crafttweaker, expansions]
[21:14:33.100][INFO][CraftTweaker-ZenCode]: Execution for loader 'tags' completed successfully
[21:15:48.494][INFO][CraftTweaker]: crafttweaker.reload.start
[21:15:48.581][INFO][CraftTweaker-ZenCode]: Started loading scripts for loader 'crafttweaker'
[21:15:48.644][INFO][CraftTweaker-ZenCode]: Compiling and executing scripts
[21:15:49.561][INFO][CraftTweaker-ZenCode]: Successfully initialized modules [mods, crafttweaker, expansions]
[21:15:49.577][INFO][CraftTweaker-ZenCode]: Loading file 'script.zs' with priority 0
[21:15:49.622][INFO][Re-DimensionStages]: [Re-Dimension Stages] Staging dimension 'sgjourney:abydos' to stage(s) '[one]'. script.zs:4:0
[21:15:49.623][INFO][Re-DimensionStages]: [Re-Dimension Stages] Staging dimension 'minecraft:the_nether' to stage(s) '[two]'. script.zs:6:0
[21:15:49.623][INFO][Re-DimensionStages]: [Re-Dimension Stages] Staging dimension 'minecraft:the_end' to stage(s) '[two]'. script.zs:7:0
[21:15:49.623][INFO][Re-DimensionStages]: [Re-Dimension Stages] Staging dimension 'sgjourney:lantea' to stage(s) '[two]'. script.zs:8:0
[21:15:49.623][INFO][Re-DimensionStages]: [Re-Dimension Stages] Staging dimension 'sgjourney:chulak' to stage(s) '[three]'. script.zs:10:0
[21:15:49.623][INFO][CraftTweaker-ZenCode]: Execution for loader 'crafttweaker' completed successfully
[21:15:49.625][INFO][CraftTweaker]: crafttweaker.reload.complete
[21:15:49.625][INFO][CraftTweaker]: This reload was made possible by Pongo Sapiens and more! Become a patron at https://patreon.com/jaredlll08?s=crtmod
