[07Dec2024 00:00:00.002] [ftbbackups2_Worker-1/INFO] [net.creeperhost.ftbbackups.FTBBackups/]: Attempting to create an automatic backup
[07Dec2024 00:00:00.011] [ftbbackups2_Worker-1/INFO] [net.creeperhost.ftbbackups.FTBBackups/]: Found world folder at /workspaces/MinecraftServer/servidor_minecraft/./world/.
[07Dec2024 00:00:00.039] [ftbbackups2_Worker-1/INFO] [net.creeperhost.ftbbackups.FTBBackups/]: Last backup size: 3.2MB Current world size: 12.2MB Current Available space: 8.5GB ExpectedSize 3.4MB
[07Dec2024 00:00:00.039] [ftbbackups2_Worker-1/INFO] [net.creeperhost.ftbbackups.FTBBackups/]: Setting world minecraft:overworld save state to true
[07Dec2024 00:00:00.039] [ftbbackups2_Worker-1/INFO] [net.creeperhost.ftbbackups.FTBBackups/]: Setting world minecraft:the_end save state to true
[07Dec2024 00:00:00.040] [ftbbackups2_Worker-1/INFO] [net.creeperhost.ftbbackups.FTBBackups/]: Setting world sgjourney:chulak save state to true
[07Dec2024 00:00:00.040] [ftbbackups2_Worker-1/INFO] [net.creeperhost.ftbbackups.FTBBackups/]: Setting world sgjourney:cavum_tenebrae save state to true
[07Dec2024 00:00:00.040] [ftbbackups2_Worker-1/INFO] [net.creeperhost.ftbbackups.FTBBackups/]: Setting world minecraft:the_nether save state to true
[07Dec2024 00:00:00.041] [ftbbackups2_Worker-1/INFO] [net.creeperhost.ftbbackups.FTBBackups/]: Setting world sgjourney:abydos save state to true
[07Dec2024 00:00:00.042] [ftbbackups2_Worker-1/INFO] [net.creeperhost.ftbbackups.FTBBackups/]: Setting world sgjourney:lantea save state to true
[07Dec2024 00:00:00.050] [ftbbackups2_Worker-1/INFO] [net.creeperhost.ftbbackups.FTBBackups/]: Setting world ae2:spatial_storage save state to true
[07Dec2024 00:00:00.051] [ftbbackups2_Worker-1/INFO] [net.creeperhost.ftbbackups.FTBBackups/]: Writing to file /workspaces/MinecraftServer/servidor_minecraft/backups/backups.json
[07Dec2024 00:00:00.053] [FTB Backups backup thread 0/INFO] [net.creeperhost.ftbbackups.FTBBackups/]: Waiting for world save to complete.
[07Dec2024 00:00:00.570] [FTB Backups backup thread 0/INFO] [net.creeperhost.levelio.loader.SaveInfo/]: Detected MC Version 1.20.1, Data version 3465
[07Dec2024 00:00:00.571] [FTB Backups backup thread 0/INFO] [net.creeperhost.levelio.loader.SaveInfo/]: Save Name: world
[07Dec2024 00:00:00.579] [FTB Backups backup thread 0/WARN] [net.creeperhost.levelio.data.Level/]: Did not find a region folder for level: /workspaces/MinecraftServer/servidor_minecraft/./world/./DIM-1
[07Dec2024 00:00:00.579] [FTB Backups backup thread 0/WARN] [net.creeperhost.levelio.loader.LevelLoader/]: Found possible mod dimension with no region folder sgjourney:lantea
[07Dec2024 00:00:00.579] [FTB Backups backup thread 0/WARN] [net.creeperhost.levelio.loader.LevelLoader/]: Found possible mod dimension with no region folder sgjourney:abydos
[07Dec2024 00:00:00.580] [FTB Backups backup thread 0/WARN] [net.creeperhost.levelio.loader.LevelLoader/]: Found possible mod dimension with no region folder sgjourney:cavum_tenebrae
[07Dec2024 00:00:00.580] [FTB Backups backup thread 0/WARN] [net.creeperhost.levelio.loader.LevelLoader/]: Found possible mod dimension with no region folder sgjourney:chulak
[07Dec2024 00:00:00.580] [FTB Backups backup thread 0/WARN] [net.creeperhost.levelio.loader.LevelLoader/]: Found possible mod dimension with no region folder ae2:spatial_storage
[07Dec2024 00:00:00.581] [FTB Backups backup thread 0/WARN] [net.creeperhost.levelio.data.Level/]: Did not find a region folder for level: /workspaces/MinecraftServer/servidor_minecraft/./world/./DIM1
[07Dec2024 00:00:02.208] [FTB Backups backup thread 0/INFO] [net.creeperhost.ftbbackups.FTBBackups/]: Backup preview created, Scan took 281ms, Capture took 1587ms
[07Dec2024 00:00:03.424] [FTB Backups backup thread 0/INFO] [net.creeperhost.ftbbackups.FTBBackups/]: Setting world minecraft:overworld save state to false
[07Dec2024 00:00:03.425] [FTB Backups backup thread 0/INFO] [net.creeperhost.ftbbackups.FTBBackups/]: Setting world minecraft:the_end save state to false
[07Dec2024 00:00:03.425] [FTB Backups backup thread 0/INFO] [net.creeperhost.ftbbackups.FTBBackups/]: Setting world sgjourney:chulak save state to false
[07Dec2024 00:00:03.426] [FTB Backups backup thread 0/INFO] [net.creeperhost.ftbbackups.FTBBackups/]: Setting world sgjourney:cavum_tenebrae save state to false
[07Dec2024 00:00:03.426] [FTB Backups backup thread 0/INFO] [net.creeperhost.ftbbackups.FTBBackups/]: Setting world minecraft:the_nether save state to false
[07Dec2024 00:00:03.426] [FTB Backups backup thread 0/INFO] [net.creeperhost.ftbbackups.FTBBackups/]: Setting world sgjourney:abydos save state to false
[07Dec2024 00:00:03.426] [FTB Backups backup thread 0/INFO] [net.creeperhost.ftbbackups.FTBBackups/]: Setting world sgjourney:lantea save state to false
[07Dec2024 00:00:03.427] [FTB Backups backup thread 0/INFO] [net.creeperhost.ftbbackups.FTBBackups/]: Setting world ae2:spatial_storage save state to false
[07Dec2024 00:00:03.497] [FTB Backups backup thread 0/INFO] [net.creeperhost.ftbbackups.FTBBackups/]: Backup size 3.3MB World Size 12.2MB
[07Dec2024 00:00:03.510] [FTB Backups backup thread 0/INFO] [net.creeperhost.ftbbackups.FTBBackups/]: Writing to file /workspaces/MinecraftServer/servidor_minecraft/backups/backups.json
[07Dec2024 00:00:03.512] [FTB Backups backup thread 0/INFO] [net.creeperhost.ftbbackups.FTBBackups/]: New backup created at /workspaces/MinecraftServer/servidor_minecraft/backups/2024-12-7_0-0-0.zip size: 3.3MB Took: 0m, 3s, 376ms Sha1: 3342c1e68f7fc1e92767e3b52a1ac21f144d71cb
[07Dec2024 00:00:18.353] [FTB Backups scheduled executor 0/INFO] [net.creeperhost.ftbbackups.FTBBackups/]: More backups than 5 found, Removing oldest backup
[07Dec2024 00:00:18.354] [FTB Backups scheduled executor 0/INFO] [net.creeperhost.ftbbackups.FTBBackups/]: Removed old backup 2024-12-6_21-30-0.zip
[07Dec2024 00:00:18.354] [FTB Backups scheduled executor 0/INFO] [net.creeperhost.ftbbackups.FTBBackups/]: File missing, removing from backups /workspaces/MinecraftServer/servidor_minecraft/backups/2024-12-6_21-30-0.zip
[07Dec2024 00:00:18.355] [FTB Backups scheduled executor 0/INFO] [net.creeperhost.ftbbackups.FTBBackups/]: Writing to file /workspaces/MinecraftServer/servidor_minecraft/backups/backups.json
[07Dec2024 00:30:00.002] [ftbbackups2_Worker-1/INFO] [net.creeperhost.ftbbackups.FTBBackups/]: Attempting to create an automatic backup
[07Dec2024 00:30:00.003] [ftbbackups2_Worker-1/INFO] [net.creeperhost.ftbbackups.FTBBackups/]: Found world folder at /workspaces/MinecraftServer/servidor_minecraft/./world/.
[07Dec2024 00:30:00.030] [ftbbackups2_Worker-1/INFO] [net.creeperhost.ftbbackups.FTBBackups/]: Last backup size: 3.3MB Current world size: 12.2MB Current Available space: 8.5GB ExpectedSize 3.4MB
[07Dec2024 00:30:00.030] [ftbbackups2_Worker-1/INFO] [net.creeperhost.ftbbackups.FTBBackups/]: Setting world minecraft:overworld save state to true
[07Dec2024 00:30:00.030] [ftbbackups2_Worker-1/INFO] [net.creeperhost.ftbbackups.FTBBackups/]: Setting world minecraft:the_end save state to true
[07Dec2024 00:30:00.031] [ftbbackups2_Worker-1/INFO] [net.creeperhost.ftbbackups.FTBBackups/]: Setting world sgjourney:chulak save state to true
[07Dec2024 00:30:00.031] [ftbbackups2_Worker-1/INFO] [net.creeperhost.ftbbackups.FTBBackups/]: Setting world sgjourney:cavum_tenebrae save state to true
[07Dec2024 00:30:00.031] [ftbbackups2_Worker-1/INFO] [net.creeperhost.ftbbackups.FTBBackups/]: Setting world minecraft:the_nether save state to true
[07Dec2024 00:30:00.031] [ftbbackups2_Worker-1/INFO] [net.creeperhost.ftbbackups.FTBBackups/]: Setting world sgjourney:abydos save state to true
[07Dec2024 00:30:00.031] [ftbbackups2_Worker-1/INFO] [net.creeperhost.ftbbackups.FTBBackups/]: Setting world sgjourney:lantea save state to true
[07Dec2024 00:30:00.031] [ftbbackups2_Worker-1/INFO] [net.creeperhost.ftbbackups.FTBBackups/]: Setting world ae2:spatial_storage save state to true
[07Dec2024 00:30:00.032] [ftbbackups2_Worker-1/INFO] [net.creeperhost.ftbbackups.FTBBackups/]: Writing to file /workspaces/MinecraftServer/servidor_minecraft/backups/backups.json
[07Dec2024 00:30:00.032] [FTB Backups backup thread 0/INFO] [net.creeperhost.ftbbackups.FTBBackups/]: Waiting for world save to complete.
[07Dec2024 00:30:00.447] [FTB Backups backup thread 0/INFO] [net.creeperhost.levelio.loader.SaveInfo/]: Detected MC Version 1.20.1, Data version 3465
[07Dec2024 00:30:00.447] [FTB Backups backup thread 0/INFO] [net.creeperhost.levelio.loader.SaveInfo/]: Save Name: world
[07Dec2024 00:30:00.451] [FTB Backups backup thread 0/WARN] [net.creeperhost.levelio.data.Level/]: Did not find a region folder for level: /workspaces/MinecraftServer/servidor_minecraft/./world/./DIM-1
[07Dec2024 00:30:00.452] [FTB Backups backup thread 0/WARN] [net.creeperhost.levelio.loader.LevelLoader/]: Found possible mod dimension with no region folder sgjourney:lantea
[07Dec2024 00:30:00.452] [FTB Backups backup thread 0/WARN] [net.creeperhost.levelio.loader.LevelLoader/]: Found possible mod dimension with no region folder sgjourney:abydos
[07Dec2024 00:30:00.452] [FTB Backups backup thread 0/WARN] [net.creeperhost.levelio.loader.LevelLoader/]: Found possible mod dimension with no region folder sgjourney:cavum_tenebrae
[07Dec2024 00:30:00.452] [FTB Backups backup thread 0/WARN] [net.creeperhost.levelio.loader.LevelLoader/]: Found possible mod dimension with no region folder sgjourney:chulak
[07Dec2024 00:30:00.452] [FTB Backups backup thread 0/WARN] [net.creeperhost.levelio.loader.LevelLoader/]: Found possible mod dimension with no region folder ae2:spatial_storage
[07Dec2024 00:30:00.452] [FTB Backups backup thread 0/WARN] [net.creeperhost.levelio.data.Level/]: Did not find a region folder for level: /workspaces/MinecraftServer/servidor_minecraft/./world/./DIM1
[07Dec2024 00:30:02.150] [FTB Backups backup thread 0/INFO] [net.creeperhost.ftbbackups.FTBBackups/]: Backup preview created, Scan took 167ms, Capture took 1666ms
[07Dec2024 00:30:02.990] [FTB Backups backup thread 0/INFO] [net.creeperhost.ftbbackups.FTBBackups/]: Setting world minecraft:overworld save state to false
[07Dec2024 00:30:02.991] [FTB Backups backup thread 0/INFO] [net.creeperhost.ftbbackups.FTBBackups/]: Setting world minecraft:the_end save state to false
[07Dec2024 00:30:02.992] [FTB Backups backup thread 0/INFO] [net.creeperhost.ftbbackups.FTBBackups/]: Setting world sgjourney:chulak save state to false
[07Dec2024 00:30:02.992] [FTB Backups backup thread 0/INFO] [net.creeperhost.ftbbackups.FTBBackups/]: Setting world sgjourney:cavum_tenebrae save state to false
[07Dec2024 00:30:02.992] [FTB Backups backup thread 0/INFO] [net.creeperhost.ftbbackups.FTBBackups/]: Setting world minecraft:the_nether save state to false
[07Dec2024 00:30:02.992] [FTB Backups backup thread 0/INFO] [net.creeperhost.ftbbackups.FTBBackups/]: Setting world sgjourney:abydos save state to false
[07Dec2024 00:30:02.993] [FTB Backups backup thread 0/INFO] [net.creeperhost.ftbbackups.FTBBackups/]: Setting world sgjourney:lantea save state to false
[07Dec2024 00:30:02.993] [FTB Backups backup thread 0/INFO] [net.creeperhost.ftbbackups.FTBBackups/]: Setting world ae2:spatial_storage save state to false
[07Dec2024 00:30:03.001] [FTB Backups backup thread 0/INFO] [net.creeperhost.ftbbackups.FTBBackups/]: Backup size 3.3MB World Size 12.2MB
[07Dec2024 00:30:03.002] [FTB Backups backup thread 0/INFO] [net.creeperhost.ftbbackups.FTBBackups/]: Writing to file /workspaces/MinecraftServer/servidor_minecraft/backups/backups.json
[07Dec2024 00:30:03.003] [FTB Backups backup thread 0/INFO] [net.creeperhost.ftbbackups.FTBBackups/]: New backup created at /workspaces/MinecraftServer/servidor_minecraft/backups/2024-12-7_0-30-0.zip size: 3.3MB Took: 0m, 2s, 962ms Sha1: 43408cb0bd8fd278d9da623a1485a8a1b7c17618
[07Dec2024 00:30:18.353] [FTB Backups scheduled executor 0/INFO] [net.creeperhost.ftbbackups.FTBBackups/]: More backups than 5 found, Removing oldest backup
[07Dec2024 00:30:18.354] [FTB Backups scheduled executor 0/INFO] [net.creeperhost.ftbbackups.FTBBackups/]: Removed old backup 2024-12-6_22-0-0.zip
[07Dec2024 00:30:18.354] [FTB Backups scheduled executor 0/INFO] [net.creeperhost.ftbbackups.FTBBackups/]: File missing, removing from backups /workspaces/MinecraftServer/servidor_minecraft/backups/2024-12-6_22-0-0.zip
[07Dec2024 00:30:18.355] [FTB Backups scheduled executor 0/INFO] [net.creeperhost.ftbbackups.FTBBackups/]: Writing to file /workspaces/MinecraftServer/servidor_minecraft/backups/backups.json
[07Dec2024 00:43:32.165] [User Authenticator #2/INFO] [net.minecraft.server.network.ServerLoginPacketListenerImpl/]: UUID of player ItsAkashi is 8e660760-1332-487b-ad32-799929554544
[07Dec2024 00:43:35.041] [Server thread/INFO] [net.minecraft.server.players.PlayerList/]: ItsAkashi[/127.44.238.70:41745] logged in with entity id 4291 at (8.164401341227151, -63.5, 0.7035711392811517)
[07Dec2024 00:43:35.198] [Server thread/INFO] [net.minecraft.server.MinecraftServer/]: ItsAkashi joined the game
[07Dec2024 00:43:35.547] [Server thread/INFO] [org.zeith.solarflux.SolarFlux/]: Sending solar panels to ItsAkashi.
[07Dec2024 00:43:35.554] [Server thread/INFO] [Jade/]: Syncing config to ItsAkashi (8e660760-1332-487b-ad32-799929554544)
[07Dec2024 00:43:35.558] [Server thread/INFO] [de.melanx.skyblockbuilder.SkyblockBuilder/]: Cached profiles: 2 (-2 unused), uncached profiles: 0, total profiles: 4
[07Dec2024 00:43:38.443] [Server thread/INFO] [net.minecraft.server.MinecraftServer/]: <eldemedazh> Oe
[07Dec2024 00:43:50.138] [Server thread/INFO] [net.minecraft.server.MinecraftServer/]: <eldemedazh> Ya se puede hacer la armadura
[07Dec2024 00:45:33.638] [Server thread/INFO] [net.minecraft.server.MinecraftServer/]: ItsAkashi was incinerated by an Encased Fan
